Using pre-set license
Built from '2020.3/staging' branch; Version is '2020.3.21f1 (a38c86f6690f) revision 10718342'; Using compiler version '192528614'; Build Type 'Release'
OS: 'Windows 10 Education; OS build 19042.1645; Version 2009; 64bit' Language: 'cs' Physical Memory: 16310 MB
BatchMode: 1, IsHumanControllingUs: 0, StartBugReporterOnCrash: 0, Is64bit: 1, IsPro: 0

COMMAND LINE ARGUMENTS:
C:\Program Files\Unity\Hub\Editor\2020.3.21f1\Editor\Unity.exe
-adb2
-batchMode
-noUpm
-name
AssetImportWorker1
-projectPath
D:/Dokumenty/skola/CVUT/Bachelors Project/bachelorsProject/HorrorGame
-logFile
Logs/AssetImportWorker1.log
-srvPort
65023
Successfully changed project path to: D:/Dokumenty/skola/CVUT/Bachelors Project/bachelorsProject/HorrorGame
D:/Dokumenty/skola/CVUT/Bachelors Project/bachelorsProject/HorrorGame
Using Asset Import Pipeline V2.
Refreshing native plugins compatible for Editor in 135.57 ms, found 2 plugins.
Preloading 0 native plugins for Editor in 0.00 ms.
Initialize engine version: 2020.3.21f1 (a38c86f6690f)
[Subsystems] Discovering subsystems at path C:/Program Files/Unity/Hub/Editor/2020.3.21f1/Editor/Data/Resources/UnitySubsystems
[Subsystems] Discovering subsystems at path D:/Dokumenty/skola/CVUT/Bachelors Project/bachelorsProject/HorrorGame/Assets
GfxDevice: creating device client; threaded=0
Direct3D:
    Version:  Direct3D 11.0 [level 11.1]
    Renderer: NVIDIA GeForce GTX 1650 SUPER (ID=0x2187)
    Vendor:   
    VRAM:     3955 MB
    Driver:   30.0.14.9709
Initialize mono
Mono path[0] = 'C:/Program Files/Unity/Hub/Editor/2020.3.21f1/Editor/Data/Managed'
Mono path[1] = 'C:/Program Files/Unity/Hub/Editor/2020.3.21f1/Editor/Data/MonoBleedingEdge/lib/mono/unityjit'
Mono config path = 'C:/Program Files/Unity/Hub/Editor/2020.3.21f1/Editor/Data/MonoBleedingEdge/etc'
Using monoOptions --debugger-agent=transport=dt_socket,embedding=1,server=y,suspend=n,address=127.0.0.1:56168
Begin MonoManager ReloadAssembly
Registering precompiled unity dll's ...
Register platform support module: C:/Program Files/Unity/Hub/Editor/2020.3.21f1/Editor/Data/PlaybackEngines/WindowsStandaloneSupport/UnityEditor.WindowsStandalone.Extensions.dll
Registered in 0.003357 seconds.
Native extension for WindowsStandalone target not found
Refreshing native plugins compatible for Editor in 150.00 ms, found 2 plugins.
Preloading 0 native plugins for Editor in 0.00 ms.
Mono: successfully reloaded assembly
- Completed reload, in  2.692 seconds
Domain Reload Profiling:
	ReloadAssembly (2693ms)
		BeginReloadAssembly (93ms)
			ExecutionOrderSort (0ms)
			DisableScriptedObjects (0ms)
			BackupInstance (0ms)
			ReleaseScriptingObjects (0ms)
			CreateAndSetChildDomain (1ms)
		EndReloadAssembly (769ms)
			LoadAssemblies (90ms)
			RebuildTransferFunctionScriptingTraits (0ms)
			SetupTypeCache (237ms)
			ReleaseScriptCaches (0ms)
			RebuildScriptCaches (40ms)
			SetupLoadedEditorAssemblies (347ms)
				LogAssemblyErrors (0ms)
				InitializePlatformSupportModulesInManaged (5ms)
				SetLoadedEditorAssemblies (0ms)
				RefreshPlugins (151ms)
				BeforeProcessingInitializeOnLoad (23ms)
				ProcessInitializeOnLoadAttributes (108ms)
				ProcessInitializeOnLoadMethodAttributes (60ms)
				AfterProcessingInitializeOnLoad (0ms)
				EditorAssembliesLoaded (0ms)
			ExecutionOrderSort2 (0ms)
			AwakeInstancesAfterBackupRestoration (0ms)
Platform modules already initialized, skipping
Registering precompiled user dll's ...
Registered in 0.009475 seconds.
Begin MonoManager ReloadAssembly
Native extension for WindowsStandalone target not found
Refreshing native plugins compatible for Editor in 130.33 ms, found 2 plugins.
Preloading 0 native plugins for Editor in 0.00 ms.
Mono: successfully reloaded assembly
- Completed reload, in  4.175 seconds
Domain Reload Profiling:
	ReloadAssembly (4176ms)
		BeginReloadAssembly (254ms)
			ExecutionOrderSort (0ms)
			DisableScriptedObjects (5ms)
			BackupInstance (0ms)
			ReleaseScriptingObjects (0ms)
			CreateAndSetChildDomain (30ms)
		EndReloadAssembly (3822ms)
			LoadAssemblies (178ms)
			RebuildTransferFunctionScriptingTraits (0ms)
			SetupTypeCache (626ms)
			ReleaseScriptCaches (4ms)
			RebuildScriptCaches (174ms)
			SetupLoadedEditorAssemblies (2648ms)
				LogAssemblyErrors (0ms)
				InitializePlatformSupportModulesInManaged (11ms)
				SetLoadedEditorAssemblies (0ms)
				RefreshPlugins (130ms)
				BeforeProcessingInitializeOnLoad (148ms)
				ProcessInitializeOnLoadAttributes (392ms)
				ProcessInitializeOnLoadMethodAttributes (1953ms)
				AfterProcessingInitializeOnLoad (12ms)
				EditorAssembliesLoaded (0ms)
			ExecutionOrderSort2 (0ms)
			AwakeInstancesAfterBackupRestoration (8ms)
Platform modules already initialized, skipping
========================================================================
Worker process is ready to serve import requests
Launched and connected shader compiler UnityShaderCompiler.exe after 0.10 seconds
Refreshing native plugins compatible for Editor in 1.00 ms, found 2 plugins.
Preloading 0 native plugins for Editor in 0.00 ms.
Unloading 3897 Unused Serialized files (Serialized files now loaded: 0)
System memory in use before: 192.8 MB.
System memory in use after: 193.0 MB.

Unloading 20 unused Assets to reduce memory usage. Loaded Objects now: 4343.
Total: 7.903100 ms (FindLiveObjects: 0.620900 ms CreateObjectMapping: 0.636500 ms MarkObjects: 6.535300 ms  DeleteObjects: 0.107700 ms)

AssetImportParameters requested are different than current active one (requested -> active):
  custom:framework-win-MediaFoundation: 216162199b28c13a410421893ffa2e32 -> 
  custom:video-decoder-ogg-theora: a1e56fd34408186e4bbccfd4996cb3dc -> 
  custom:container-muxer-webm: aa71ff27fc2769a1b78a27578f13a17b -> 
  custom:container-demuxer-webm: 4f35f7cbe854078d1ac9338744f61a02 -> 
  custom:container-demuxer-ogg: 62fdf1f143b41e24485cea50d1cbac27 -> 
  custom:video-encoder-webm-vp8: eb34c28f22e8b96e1ab97ce403110664 -> 
  custom:video-decoder-webm-vp8: 9c59270c3fd7afecdb556c50c9e8de78 -> 
  custom:audio-decoder-ogg-vorbis: bf7c407c2cedff20999df2af8eb42d56 -> 
  custom:audio-encoder-webm-vorbis: bf7c407c2cedff20999df2af8eb42d56 -> 
========================================================================
Received Import Request.
  path: Assets/Prefabs/Scene/SceneUtilities.prefab
  artifactKey: Guid(3b4db24970e12df4d9a5b886c9e575f4) Importer(815301076,1909f56bfc062723c751e8b465ee728b)
Start importing Assets/Prefabs/Scene/SceneUtilities.prefab using Guid(3b4db24970e12df4d9a5b886c9e575f4) Importer(815301076,1909f56bfc062723c751e8b465ee728b)  -> (artifact id: '52ae32755f138cef59c2080c7cf12592') in 0.123966 seconds 
  Import took 0.161308 seconds .

========================================================================
Received Prepare
Registering precompiled user dll's ...
Registered in 0.007952 seconds.
Begin MonoManager ReloadAssembly
Native extension for WindowsStandalone target not found
Refreshing native plugins compatible for Editor in 5.65 ms, found 2 plugins.
Preloading 0 native plugins for Editor in 0.00 ms.
Mono: successfully reloaded assembly
- Completed reload, in  2.832 seconds
Domain Reload Profiling:
	ReloadAssembly (2833ms)
		BeginReloadAssembly (346ms)
			ExecutionOrderSort (0ms)
			DisableScriptedObjects (34ms)
			BackupInstance (0ms)
			ReleaseScriptingObjects (0ms)
			CreateAndSetChildDomain (100ms)
		EndReloadAssembly (2335ms)
			LoadAssemblies (274ms)
			RebuildTransferFunctionScriptingTraits (0ms)
			SetupTypeCache (763ms)
			ReleaseScriptCaches (2ms)
			RebuildScriptCaches (171ms)
			SetupLoadedEditorAssemblies (817ms)
				LogAssemblyErrors (0ms)
				InitializePlatformSupportModulesInManaged (6ms)
				SetLoadedEditorAssemblies (1ms)
				RefreshPlugins (6ms)
				BeforeProcessingInitializeOnLoad (185ms)
				ProcessInitializeOnLoadAttributes (569ms)
				ProcessInitializeOnLoadMethodAttributes (34ms)
				AfterProcessingInitializeOnLoad (17ms)
				EditorAssembliesLoaded (0ms)
			ExecutionOrderSort2 (0ms)
			AwakeInstancesAfterBackupRestoration (39ms)
Platform modules already initialized, skipping
Refreshing native plugins compatible for Editor in 1.45 ms, found 2 plugins.
Preloading 0 native plugins for Editor in 0.00 ms.
Unloading 3582 Unused Serialized files (Serialized files now loaded: 0)
System memory in use before: 174.1 MB.
System memory in use after: 174.4 MB.

Unloading 15 unused Assets to reduce memory usage. Loaded Objects now: 4345.
Total: 12.095600 ms (FindLiveObjects: 0.426100 ms CreateObjectMapping: 0.326100 ms MarkObjects: 11.276800 ms  DeleteObjects: 0.064800 ms)

AssetImportParameters requested are different than current active one (requested -> active):
  custom:framework-win-MediaFoundation: 216162199b28c13a410421893ffa2e32 -> 
  custom:video-decoder-ogg-theora: a1e56fd34408186e4bbccfd4996cb3dc -> 
  custom:container-muxer-webm: aa71ff27fc2769a1b78a27578f13a17b -> 
  custom:container-demuxer-webm: 4f35f7cbe854078d1ac9338744f61a02 -> 
  custom:container-demuxer-ogg: 62fdf1f143b41e24485cea50d1cbac27 -> 
  custom:video-encoder-webm-vp8: eb34c28f22e8b96e1ab97ce403110664 -> 
  custom:video-decoder-webm-vp8: 9c59270c3fd7afecdb556c50c9e8de78 -> 
  custom:audio-decoder-ogg-vorbis: bf7c407c2cedff20999df2af8eb42d56 -> 
  custom:audio-encoder-webm-vorbis: bf7c407c2cedff20999df2af8eb42d56 -> 
========================================================================
Received Prepare
Registering precompiled user dll's ...
Registered in 0.011526 seconds.
Begin MonoManager ReloadAssembly
Native extension for WindowsStandalone target not found
Refreshing native plugins compatible for Editor in 2.43 ms, found 2 plugins.
Preloading 0 native plugins for Editor in 0.00 ms.
Mono: successfully reloaded assembly
- Completed reload, in  2.684 seconds
Domain Reload Profiling:
	ReloadAssembly (2685ms)
		BeginReloadAssembly (250ms)
			ExecutionOrderSort (0ms)
			DisableScriptedObjects (11ms)
			BackupInstance (0ms)
			ReleaseScriptingObjects (0ms)
			CreateAndSetChildDomain (84ms)
		EndReloadAssembly (2303ms)
			LoadAssemblies (314ms)
			RebuildTransferFunctionScriptingTraits (0ms)
			SetupTypeCache (815ms)
			ReleaseScriptCaches (3ms)
			RebuildScriptCaches (104ms)
			SetupLoadedEditorAssemblies (782ms)
				LogAssemblyErrors (0ms)
				InitializePlatformSupportModulesInManaged (5ms)
				SetLoadedEditorAssemblies (1ms)
				RefreshPlugins (4ms)
				BeforeProcessingInitializeOnLoad (228ms)
				ProcessInitializeOnLoadAttributes (502ms)
				ProcessInitializeOnLoadMethodAttributes (27ms)
				AfterProcessingInitializeOnLoad (15ms)
				EditorAssembliesLoaded (0ms)
			ExecutionOrderSort2 (0ms)
			AwakeInstancesAfterBackupRestoration (31ms)
Platform modules already initialized, skipping
Refreshing native plugins compatible for Editor in 1.33 ms, found 2 plugins.
Preloading 0 native plugins for Editor in 0.00 ms.
Unloading 3582 Unused Serialized files (Serialized files now loaded: 0)
System memory in use before: 174.2 MB.
System memory in use after: 174.4 MB.

Unloading 15 unused Assets to reduce memory usage. Loaded Objects now: 4347.
Total: 15.040000 ms (FindLiveObjects: 2.984600 ms CreateObjectMapping: 0.544700 ms MarkObjects: 11.475400 ms  DeleteObjects: 0.032700 ms)

AssetImportParameters requested are different than current active one (requested -> active):
  custom:framework-win-MediaFoundation: 216162199b28c13a410421893ffa2e32 -> 
  custom:video-decoder-ogg-theora: a1e56fd34408186e4bbccfd4996cb3dc -> 
  custom:container-muxer-webm: aa71ff27fc2769a1b78a27578f13a17b -> 
  custom:container-demuxer-webm: 4f35f7cbe854078d1ac9338744f61a02 -> 
  custom:container-demuxer-ogg: 62fdf1f143b41e24485cea50d1cbac27 -> 
  custom:video-encoder-webm-vp8: eb34c28f22e8b96e1ab97ce403110664 -> 
  custom:video-decoder-webm-vp8: 9c59270c3fd7afecdb556c50c9e8de78 -> 
  custom:audio-decoder-ogg-vorbis: bf7c407c2cedff20999df2af8eb42d56 -> 
  custom:audio-encoder-webm-vorbis: bf7c407c2cedff20999df2af8eb42d56 -> 
========================================================================
Received Prepare
Registering precompiled user dll's ...
Registered in 0.014775 seconds.
Begin MonoManager ReloadAssembly
Native extension for WindowsStandalone target not found
Refreshing native plugins compatible for Editor in 1.41 ms, found 2 plugins.
Preloading 0 native plugins for Editor in 0.00 ms.
Mono: successfully reloaded assembly
- Completed reload, in  2.969 seconds
Domain Reload Profiling:
	ReloadAssembly (2970ms)
		BeginReloadAssembly (308ms)
			ExecutionOrderSort (0ms)
			DisableScriptedObjects (8ms)
			BackupInstance (0ms)
			ReleaseScriptingObjects (0ms)
			CreateAndSetChildDomain (115ms)
		EndReloadAssembly (2531ms)
			LoadAssemblies (276ms)
			RebuildTransferFunctionScriptingTraits (0ms)
			SetupTypeCache (1033ms)
			ReleaseScriptCaches (3ms)
			RebuildScriptCaches (166ms)
			SetupLoadedEditorAssemblies (772ms)
				LogAssemblyErrors (0ms)
				InitializePlatformSupportModulesInManaged (7ms)
				SetLoadedEditorAssemblies (2ms)
				RefreshPlugins (2ms)
				BeforeProcessingInitializeOnLoad (211ms)
				ProcessInitializeOnLoadAttributes (512ms)
				ProcessInitializeOnLoadMethodAttributes (23ms)
				AfterProcessingInitializeOnLoad (15ms)
				EditorAssembliesLoaded (0ms)
			ExecutionOrderSort2 (0ms)
			AwakeInstancesAfterBackupRestoration (31ms)
Platform modules already initialized, skipping
Refreshing native plugins compatible for Editor in 1.20 ms, found 2 plugins.
Preloading 0 native plugins for Editor in 0.00 ms.
Unloading 3582 Unused Serialized files (Serialized files now loaded: 0)
System memory in use before: 174.2 MB.
System memory in use after: 174.5 MB.

Unloading 15 unused Assets to reduce memory usage. Loaded Objects now: 4349.
Total: 7.716900 ms (FindLiveObjects: 0.891400 ms CreateObjectMapping: 0.324800 ms MarkObjects: 6.473700 ms  DeleteObjects: 0.025500 ms)

AssetImportParameters requested are different than current active one (requested -> active):
  custom:framework-win-MediaFoundation: 216162199b28c13a410421893ffa2e32 -> 
  custom:video-decoder-ogg-theora: a1e56fd34408186e4bbccfd4996cb3dc -> 
  custom:container-muxer-webm: aa71ff27fc2769a1b78a27578f13a17b -> 
  custom:container-demuxer-webm: 4f35f7cbe854078d1ac9338744f61a02 -> 
  custom:container-demuxer-ogg: 62fdf1f143b41e24485cea50d1cbac27 -> 
  custom:video-encoder-webm-vp8: eb34c28f22e8b96e1ab97ce403110664 -> 
  custom:video-decoder-webm-vp8: 9c59270c3fd7afecdb556c50c9e8de78 -> 
  custom:audio-decoder-ogg-vorbis: bf7c407c2cedff20999df2af8eb42d56 -> 
  custom:audio-encoder-webm-vorbis: bf7c407c2cedff20999df2af8eb42d56 -> 
========================================================================
Received Import Request.
  Time since last request: 6500.343252 seconds.
  path: Assets/Prefabs/Scene/SceneUtilities.prefab
  artifactKey: Guid(3b4db24970e12df4d9a5b886c9e575f4) Importer(815301076,1909f56bfc062723c751e8b465ee728b)
Start importing Assets/Prefabs/Scene/SceneUtilities.prefab using Guid(3b4db24970e12df4d9a5b886c9e575f4) Importer(815301076,1909f56bfc062723c751e8b465ee728b)  -> (artifact id: '188fc934569edab5fc20de0de606e3ce') in 0.507419 seconds 
  Import took 0.709855 seconds .

========================================================================
Received Import Request.
  Time since last request: 3.399166 seconds.
  path: Assets/Prefabs/Scene/SceneUtilities.prefab
  artifactKey: Guid(3b4db24970e12df4d9a5b886c9e575f4) Importer(815301076,1909f56bfc062723c751e8b465ee728b)
Start importing Assets/Prefabs/Scene/SceneUtilities.prefab using Guid(3b4db24970e12df4d9a5b886c9e575f4) Importer(815301076,1909f56bfc062723c751e8b465ee728b)  -> (artifact id: '134d3ccd9d146782817bd6c27071decb') in 0.013560 seconds 
  Import took 0.024428 seconds .

========================================================================
Received Import Request.
  Time since last request: 13.596604 seconds.
  path: Assets/Prefabs/Scene/SceneUtilities.prefab
  artifactKey: Guid(3b4db24970e12df4d9a5b886c9e575f4) Importer(815301076,1909f56bfc062723c751e8b465ee728b)
Start importing Assets/Prefabs/Scene/SceneUtilities.prefab using Guid(3b4db24970e12df4d9a5b886c9e575f4) Importer(815301076,1909f56bfc062723c751e8b465ee728b)  -> (artifact id: '99747fa4f9326a810404fcc082d1167a') in 0.015430 seconds 
  Import took 0.023543 seconds .

========================================================================
Received Import Request.
  Time since last request: 5.442400 seconds.
  path: Assets/Prefabs/Scene/SceneUtilities.prefab
  artifactKey: Guid(3b4db24970e12df4d9a5b886c9e575f4) Importer(815301076,1909f56bfc062723c751e8b465ee728b)
Start importing Assets/Prefabs/Scene/SceneUtilities.prefab using Guid(3b4db24970e12df4d9a5b886c9e575f4) Importer(815301076,1909f56bfc062723c751e8b465ee728b)  -> (artifact id: 'c98c9b9f844a38e9b29b10e67f97d90c') in 0.013416 seconds 
  Import took 0.021374 seconds .

========================================================================
Received Import Request.
  Time since last request: 1.713811 seconds.
  path: Assets/Prefabs/Scene/SceneUtilities.prefab
  artifactKey: Guid(3b4db24970e12df4d9a5b886c9e575f4) Importer(815301076,1909f56bfc062723c751e8b465ee728b)
Start importing Assets/Prefabs/Scene/SceneUtilities.prefab using Guid(3b4db24970e12df4d9a5b886c9e575f4) Importer(815301076,1909f56bfc062723c751e8b465ee728b)  -> (artifact id: '441f3ee8a9d19b9ddfaa5351d0209e68') in 0.013651 seconds 
  Import took 0.022315 seconds .

========================================================================
Received Prepare
Registering precompiled user dll's ...
Registered in 0.008644 seconds.
Begin MonoManager ReloadAssembly
Native extension for WindowsStandalone target not found
Refreshing native plugins compatible for Editor in 0.96 ms, found 2 plugins.
Preloading 0 native plugins for Editor in 0.00 ms.
Mono: successfully reloaded assembly
- Completed reload, in  1.696 seconds
Domain Reload Profiling:
	ReloadAssembly (1697ms)
		BeginReloadAssembly (267ms)
			ExecutionOrderSort (0ms)
			DisableScriptedObjects (9ms)
			BackupInstance (0ms)
			ReleaseScriptingObjects (0ms)
			CreateAndSetChildDomain (128ms)
		EndReloadAssembly (1350ms)
			LoadAssemblies (152ms)
			RebuildTransferFunctionScriptingTraits (0ms)
			SetupTypeCache (479ms)
			ReleaseScriptCaches (2ms)
			RebuildScriptCaches (87ms)
			SetupLoadedEditorAssemblies (462ms)
				LogAssemblyErrors (0ms)
				InitializePlatformSupportModulesInManaged (5ms)
				SetLoadedEditorAssemblies (1ms)
				RefreshPlugins (1ms)
				BeforeProcessingInitializeOnLoad (122ms)
				ProcessInitializeOnLoadAttributes (308ms)
				ProcessInitializeOnLoadMethodAttributes (14ms)
				AfterProcessingInitializeOnLoad (10ms)
				EditorAssembliesLoaded (0ms)
			ExecutionOrderSort2 (0ms)
			AwakeInstancesAfterBackupRestoration (19ms)
Platform modules already initialized, skipping
Refreshing native plugins compatible for Editor in 1.06 ms, found 2 plugins.
Preloading 0 native plugins for Editor in 0.00 ms.
Unloading 3582 Unused Serialized files (Serialized files now loaded: 0)
System memory in use before: 174.2 MB.
System memory in use after: 174.5 MB.

Unloading 15 unused Assets to reduce memory usage. Loaded Objects now: 4351.
Total: 5.572500 ms (FindLiveObjects: 0.525000 ms CreateObjectMapping: 0.429800 ms MarkObjects: 4.584300 ms  DeleteObjects: 0.031100 ms)

AssetImportParameters requested are different than current active one (requested -> active):
  custom:framework-win-MediaFoundation: 216162199b28c13a410421893ffa2e32 -> 
  custom:video-decoder-ogg-theora: a1e56fd34408186e4bbccfd4996cb3dc -> 
  custom:container-muxer-webm: aa71ff27fc2769a1b78a27578f13a17b -> 
  custom:container-demuxer-webm: 4f35f7cbe854078d1ac9338744f61a02 -> 
  custom:container-demuxer-ogg: 62fdf1f143b41e24485cea50d1cbac27 -> 
  custom:video-encoder-webm-vp8: eb34c28f22e8b96e1ab97ce403110664 -> 
  custom:video-decoder-webm-vp8: 9c59270c3fd7afecdb556c50c9e8de78 -> 
  custom:audio-decoder-ogg-vorbis: bf7c407c2cedff20999df2af8eb42d56 -> 
  custom:audio-encoder-webm-vorbis: bf7c407c2cedff20999df2af8eb42d56 -> 
========================================================================
Received Prepare
Registering precompiled user dll's ...
Registered in 0.011333 seconds.
Begin MonoManager ReloadAssembly
Native extension for WindowsStandalone target not found
Refreshing native plugins compatible for Editor in 1.08 ms, found 2 plugins.
Preloading 0 native plugins for Editor in 0.00 ms.
Mono: successfully reloaded assembly
- Completed reload, in  2.213 seconds
Domain Reload Profiling:
	ReloadAssembly (2214ms)
		BeginReloadAssembly (226ms)
			ExecutionOrderSort (0ms)
			DisableScriptedObjects (7ms)
			BackupInstance (0ms)
			ReleaseScriptingObjects (2ms)
			CreateAndSetChildDomain (70ms)
		EndReloadAssembly (1879ms)
			LoadAssemblies (212ms)
			RebuildTransferFunctionScriptingTraits (0ms)
			SetupTypeCache (638ms)
			ReleaseScriptCaches (6ms)
			RebuildScriptCaches (110ms)
			SetupLoadedEditorAssemblies (682ms)
				LogAssemblyErrors (0ms)
				InitializePlatformSupportModulesInManaged (9ms)
				SetLoadedEditorAssemblies (1ms)
				RefreshPlugins (1ms)
				BeforeProcessingInitializeOnLoad (150ms)
				ProcessInitializeOnLoadAttributes (486ms)
				ProcessInitializeOnLoadMethodAttributes (24ms)
				AfterProcessingInitializeOnLoad (12ms)
				EditorAssembliesLoaded (0ms)
			ExecutionOrderSort2 (0ms)
			AwakeInstancesAfterBackupRestoration (28ms)
Platform modules already initialized, skipping
Refreshing native plugins compatible for Editor in 1.07 ms, found 2 plugins.
Preloading 0 native plugins for Editor in 0.00 ms.
Unloading 3582 Unused Serialized files (Serialized files now loaded: 0)
System memory in use before: 174.3 MB.
System memory in use after: 174.5 MB.

Unloading 15 unused Assets to reduce memory usage. Loaded Objects now: 4353.
Total: 9.433500 ms (FindLiveObjects: 0.622000 ms CreateObjectMapping: 0.301500 ms MarkObjects: 8.477900 ms  DeleteObjects: 0.029900 ms)

AssetImportParameters requested are different than current active one (requested -> active):
  custom:framework-win-MediaFoundation: 216162199b28c13a410421893ffa2e32 -> 
  custom:video-decoder-ogg-theora: a1e56fd34408186e4bbccfd4996cb3dc -> 
  custom:container-muxer-webm: aa71ff27fc2769a1b78a27578f13a17b -> 
  custom:container-demuxer-webm: 4f35f7cbe854078d1ac9338744f61a02 -> 
  custom:container-demuxer-ogg: 62fdf1f143b41e24485cea50d1cbac27 -> 
  custom:video-encoder-webm-vp8: eb34c28f22e8b96e1ab97ce403110664 -> 
  custom:video-decoder-webm-vp8: 9c59270c3fd7afecdb556c50c9e8de78 -> 
  custom:audio-decoder-ogg-vorbis: bf7c407c2cedff20999df2af8eb42d56 -> 
  custom:audio-encoder-webm-vorbis: bf7c407c2cedff20999df2af8eb42d56 -> 
========================================================================
Received Import Request.
  Time since last request: 816.161078 seconds.
  path: Assets/Prefabs/Scene/SceneUtilities.prefab
  artifactKey: Guid(3b4db24970e12df4d9a5b886c9e575f4) Importer(815301076,1909f56bfc062723c751e8b465ee728b)
Start importing Assets/Prefabs/Scene/SceneUtilities.prefab using Guid(3b4db24970e12df4d9a5b886c9e575f4) Importer(815301076,1909f56bfc062723c751e8b465ee728b)  -> (artifact id: '0f9df836b577719e14982b8b789e3a2e') in 0.057062 seconds 
  Import took 0.087712 seconds .

========================================================================
Received Import Request.
  Time since last request: 9.574083 seconds.
  path: Assets/Prefabs/Scene/SceneUtilities.prefab
  artifactKey: Guid(3b4db24970e12df4d9a5b886c9e575f4) Importer(815301076,1909f56bfc062723c751e8b465ee728b)
Start importing Assets/Prefabs/Scene/SceneUtilities.prefab using Guid(3b4db24970e12df4d9a5b886c9e575f4) Importer(815301076,1909f56bfc062723c751e8b465ee728b)  -> (artifact id: '316020f63edd51dcc761bee4cdf5b8d4') in 0.022864 seconds 
  Import took 0.051791 seconds .

========================================================================
Received Import Request.
  Time since last request: 1.973545 seconds.
  path: Assets/Prefabs/Scene/SceneUtilities.prefab
  artifactKey: Guid(3b4db24970e12df4d9a5b886c9e575f4) Importer(815301076,1909f56bfc062723c751e8b465ee728b)
Start importing Assets/Prefabs/Scene/SceneUtilities.prefab using Guid(3b4db24970e12df4d9a5b886c9e575f4) Importer(815301076,1909f56bfc062723c751e8b465ee728b)  -> (artifact id: 'd4b57acbaf01eaedc5d9a76a3433fc4b') in 0.020462 seconds 
  Import took 0.042597 seconds .

========================================================================
Received Import Request.
  Time since last request: 6.654553 seconds.
  path: Assets/Prefabs/Scene/SceneUtilities.prefab
  artifactKey: Guid(3b4db24970e12df4d9a5b886c9e575f4) Importer(815301076,1909f56bfc062723c751e8b465ee728b)
Start importing Assets/Prefabs/Scene/SceneUtilities.prefab using Guid(3b4db24970e12df4d9a5b886c9e575f4) Importer(815301076,1909f56bfc062723c751e8b465ee728b)  -> (artifact id: '4d93fcc5eca31abde577cfd5e1f66311') in 0.016242 seconds 
  Import took 0.024776 seconds .

========================================================================
Received Import Request.
  Time since last request: 6.242257 seconds.
  path: Assets/Prefabs/Scene/SceneUtilities.prefab
  artifactKey: Guid(3b4db24970e12df4d9a5b886c9e575f4) Importer(815301076,1909f56bfc062723c751e8b465ee728b)
Start importing Assets/Prefabs/Scene/SceneUtilities.prefab using Guid(3b4db24970e12df4d9a5b886c9e575f4) Importer(815301076,1909f56bfc062723c751e8b465ee728b)  -> (artifact id: 'a21fd4b63cac5288e0c0a0ff3a840b7d') in 0.014082 seconds 
  Import took 0.038602 seconds .

========================================================================
Received Import Request.
  Time since last request: 1.648128 seconds.
  path: Assets/Audio/AudioFiles/55823__sergenious__dischrge.wav
  artifactKey: Guid(071f2116b587a2b4cb403f06fe6203af) Importer(815301076,1909f56bfc062723c751e8b465ee728b)
Start importing Assets/Audio/AudioFiles/55823__sergenious__dischrge.wav using Guid(071f2116b587a2b4cb403f06fe6203af) Importer(815301076,1909f56bfc062723c751e8b465ee728b)  -> (artifact id: '8c33fd79e1909d40412a44e8eaef5e1c') in 0.124030 seconds 
  Import took 0.132748 seconds .

========================================================================
Received Import Request.
  Time since last request: 0.000296 seconds.
  path: Assets/Audio/AudioFiles/484081__spacejoe__switch-2_trimmed.wav
  artifactKey: Guid(4da0d496f803fcb4ab5c0f37b67eab36) Importer(815301076,1909f56bfc062723c751e8b465ee728b)
Start importing Assets/Audio/AudioFiles/484081__spacejoe__switch-2_trimmed.wav using Guid(4da0d496f803fcb4ab5c0f37b67eab36) Importer(815301076,1909f56bfc062723c751e8b465ee728b)  -> (artifact id: '653dd231c96d57580c06680d4679d447') in 0.025644 seconds 
  Import took 0.035689 seconds .

========================================================================
Received Import Request.
  Time since last request: 0.000336 seconds.
  path: Assets/Audio/AudioFiles/582489__newlocknew__whisper-swoosh-5-mltprcssng.wav
  artifactKey: Guid(7f6162beb0253024fbe09b1bc1d84d3c) Importer(815301076,1909f56bfc062723c751e8b465ee728b)
Start importing Assets/Audio/AudioFiles/582489__newlocknew__whisper-swoosh-5-mltprcssng.wav using Guid(7f6162beb0253024fbe09b1bc1d84d3c) Importer(815301076,1909f56bfc062723c751e8b465ee728b)  -> (artifact id: '44803586c37e05d3eb0a4d22c1899151') in 0.032439 seconds 
  Import took 0.058673 seconds .

========================================================================
Received Import Request.
  Time since last request: 0.000340 seconds.
  path: Assets/Audio/AudioFiles/623023__sami-hiltunen__horror-cello.wav
  artifactKey: Guid(a76f5f6759586154c80feda5677cdadb) Importer(815301076,1909f56bfc062723c751e8b465ee728b)
Start importing Assets/Audio/AudioFiles/623023__sami-hiltunen__horror-cello.wav using Guid(a76f5f6759586154c80feda5677cdadb) Importer(815301076,1909f56bfc062723c751e8b465ee728b)  -> (artifact id: '56a00c4a339199ba24142a8e0b497ca4') in 0.016287 seconds 
  Import took 0.025465 seconds .

========================================================================
Received Import Request.
  Time since last request: 0.000330 seconds.
  path: Assets/Audio/AudioFiles/581839__newlocknew__male-creepy-blowing-fade-in-and-tail-reverb-1-4-dns-eq-ms-rvrb.wav
  artifactKey: Guid(04500a63d3ef6ff4f8ffa4c854de1ba0) Importer(815301076,1909f56bfc062723c751e8b465ee728b)
Start importing Assets/Audio/AudioFiles/581839__newlocknew__male-creepy-blowing-fade-in-and-tail-reverb-1-4-dns-eq-ms-rvrb.wav using Guid(04500a63d3ef6ff4f8ffa4c854de1ba0) Importer(815301076,1909f56bfc062723c751e8b465ee728b)  -> (artifact id: '23c484b188b489f00e4d833ad6c8f254') in 0.030096 seconds 
  Import took 0.038598 seconds .

========================================================================
Received Import Request.
  Time since last request: 0.000505 seconds.
  path: Assets/Audio/AudioFiles/582488__newlocknew__whisper-swoosh-8-mltprcssng.wav
  artifactKey: Guid(43091995b839967428351b8ab5d2edc4) Importer(815301076,1909f56bfc062723c751e8b465ee728b)
Start importing Assets/Audio/AudioFiles/582488__newlocknew__whisper-swoosh-8-mltprcssng.wav using Guid(43091995b839967428351b8ab5d2edc4) Importer(815301076,1909f56bfc062723c751e8b465ee728b)  -> (artifact id: '8ac3767e73ef762ae0ed76c882159ce2') in 0.056418 seconds 
  Import took 0.098959 seconds .

========================================================================
Received Import Request.
  Time since last request: 0.000637 seconds.
  path: Assets/Audio/AudioFiles/581840__newlocknew__male-creepy-blowing-fade-in-and-tail-reverb-1-1-dns-eq-ms-rvrb.wav
  artifactKey: Guid(5f1d7cf17a9b7a64ebd49cecadc140b0) Importer(815301076,1909f56bfc062723c751e8b465ee728b)
Start importing Assets/Audio/AudioFiles/581840__newlocknew__male-creepy-blowing-fade-in-and-tail-reverb-1-1-dns-eq-ms-rvrb.wav using Guid(5f1d7cf17a9b7a64ebd49cecadc140b0) Importer(815301076,1909f56bfc062723c751e8b465ee728b)  -> (artifact id: '3034fc9f67229c578e0d4f718799bd02') in 0.019175 seconds 
  Import took 0.028951 seconds .

========================================================================
Received Import Request.
  Time since last request: 0.000305 seconds.
  path: Assets/Audio/AudioFiles/416838__tonsil5__grunt2-death-pain.wav
  artifactKey: Guid(2b8cd8922483067429886555fb67aeea) Importer(815301076,1909f56bfc062723c751e8b465ee728b)
Start importing Assets/Audio/AudioFiles/416838__tonsil5__grunt2-death-pain.wav using Guid(2b8cd8922483067429886555fb67aeea) Importer(815301076,1909f56bfc062723c751e8b465ee728b)  -> (artifact id: 'a0f5acd47b1199b65eb7676b0c5fe921') in 0.037238 seconds 
  Import took 0.059149 seconds .

========================================================================
Received Import Request.
  Time since last request: 0.001487 seconds.
  path: Assets/Audio/AudioFiles/251788__vkproduktion__footstep-01.wav
  artifactKey: Guid(b55393bc4b938ee40881fd5e0b8866c3) Importer(815301076,1909f56bfc062723c751e8b465ee728b)
Start importing Assets/Audio/AudioFiles/251788__vkproduktion__footstep-01.wav using Guid(b55393bc4b938ee40881fd5e0b8866c3) Importer(815301076,1909f56bfc062723c751e8b465ee728b)  -> (artifact id: '6550033e8ffbe25328468b22455341b9') in 0.031895 seconds 
  Import took 0.040159 seconds .

========================================================================
Received Import Request.
  Time since last request: 0.000485 seconds.
  path: Assets/Audio/AudioFiles/405534__nebulasnails__door-lock.wav
  artifactKey: Guid(6da0cb1932b857444922e4c02bdfc978) Importer(815301076,1909f56bfc062723c751e8b465ee728b)
Start importing Assets/Audio/AudioFiles/405534__nebulasnails__door-lock.wav using Guid(6da0cb1932b857444922e4c02bdfc978) Importer(815301076,1909f56bfc062723c751e8b465ee728b)  -> (artifact id: '8688151e048b6430fe58814babe3bc02') in 0.027224 seconds 
  Import took 0.056879 seconds .

========================================================================
Received Import Request.
  Time since last request: 0.000274 seconds.
  path: Assets/Audio/AudioFiles/554592__dragonmin__walk-indoor-barefoot.mp3
  artifactKey: Guid(401cd603a2b149e40998d7b251b09466) Importer(815301076,1909f56bfc062723c751e8b465ee728b)
Start importing Assets/Audio/AudioFiles/554592__dragonmin__walk-indoor-barefoot.mp3 using Guid(401cd603a2b149e40998d7b251b09466) Importer(815301076,1909f56bfc062723c751e8b465ee728b)  -> (artifact id: 'b56ac0e8cfa760b05e3a245f58ef0e88') in 0.027506 seconds 
  Import took 0.037092 seconds .

========================================================================
Received Import Request.
  Time since last request: 0.000271 seconds.
  path: Assets/Audio/AudioFiles/173420__lightyarn__flashlight-on.wav
  artifactKey: Guid(1687bbee10d53c44da698aff6f9d9a11) Importer(815301076,1909f56bfc062723c751e8b465ee728b)
Start importing Assets/Audio/AudioFiles/173420__lightyarn__flashlight-on.wav using Guid(1687bbee10d53c44da698aff6f9d9a11) Importer(815301076,1909f56bfc062723c751e8b465ee728b)  -> (artifact id: '77f4a77109682ab6e55330059f2f404d') in 0.037775 seconds 
  Import took 0.059254 seconds .

========================================================================
Received Import Request.
  Time since last request: 0.000298 seconds.
  path: Assets/Audio/AudioFiles/581838__newlocknew__male-creepy-blowing-fade-in-and-tail-reverb-1-5-dns-eq-ms-rvrb.wav
  artifactKey: Guid(dc851f7af6ef31a438974ffe7ccd2809) Importer(815301076,1909f56bfc062723c751e8b465ee728b)
Start importing Assets/Audio/AudioFiles/581838__newlocknew__male-creepy-blowing-fade-in-and-tail-reverb-1-5-dns-eq-ms-rvrb.wav using Guid(dc851f7af6ef31a438974ffe7ccd2809) Importer(815301076,1909f56bfc062723c751e8b465ee728b)  -> (artifact id: 'ccb9866ad5d3dae4d22f7f5606c23b6c') in 0.028965 seconds 
  Import took 0.038300 seconds .

========================================================================
Received Import Request.
  Time since last request: 0.000454 seconds.
  path: Assets/Audio/AudioFiles/582485__newlocknew__whisper-swoosh-4-mltprcssng.wav
  artifactKey: Guid(2c6990207a1f02b4181fd957a7d39bd8) Importer(815301076,1909f56bfc062723c751e8b465ee728b)
Start importing Assets/Audio/AudioFiles/582485__newlocknew__whisper-swoosh-4-mltprcssng.wav using Guid(2c6990207a1f02b4181fd957a7d39bd8) Importer(815301076,1909f56bfc062723c751e8b465ee728b)  -> (artifact id: '9aae27c9c646848f30a91a4dfab581ac') in 0.025285 seconds 
  Import took 0.035849 seconds .

========================================================================
Received Import Request.
  Time since last request: 0.000275 seconds.
  path: Assets/Audio/AudioFiles/416839__tonsil5__grunt1-death-pain.wav
  artifactKey: Guid(76819665afdceec4fab277e4faa57138) Importer(815301076,1909f56bfc062723c751e8b465ee728b)
Start importing Assets/Audio/AudioFiles/416839__tonsil5__grunt1-death-pain.wav using Guid(76819665afdceec4fab277e4faa57138) Importer(815301076,1909f56bfc062723c751e8b465ee728b)  -> (artifact id: 'afe2fff253545d11c90712641f594a93') in 0.030134 seconds 
  Import took 0.048724 seconds .

========================================================================
Received Import Request.
  Time since last request: 0.000296 seconds.
  path: Assets/Audio/AudioFiles/320740__aderumoro__horror-shrieks-woman.wav
  artifactKey: Guid(ee2c8c4d2a900f543bd37d5348bd2ff4) Importer(815301076,1909f56bfc062723c751e8b465ee728b)
Start importing Assets/Audio/AudioFiles/320740__aderumoro__horror-shrieks-woman.wav using Guid(ee2c8c4d2a900f543bd37d5348bd2ff4) Importer(815301076,1909f56bfc062723c751e8b465ee728b)  -> (artifact id: '4694f4a755b15d0c7a1b8d7f695f57e4') in 0.014886 seconds 
  Import took 0.033241 seconds .

========================================================================
Received Import Request.
  Time since last request: 0.000328 seconds.
  path: Assets/Audio/AudioFiles/270253__jagadamba__footsteps-01.wav
  artifactKey: Guid(6f4d84b8d72b8f7439c3919a80252ba8) Importer(815301076,1909f56bfc062723c751e8b465ee728b)
Start importing Assets/Audio/AudioFiles/270253__jagadamba__footsteps-01.wav using Guid(6f4d84b8d72b8f7439c3919a80252ba8) Importer(815301076,1909f56bfc062723c751e8b465ee728b)  -> (artifact id: '969a52845aaf5306ee15d55b27036259') in 0.056555 seconds 
  Import took 0.064878 seconds .

========================================================================
Received Import Request.
  Time since last request: 0.000353 seconds.
  path: Assets/Audio/AudioFiles/484081__spacejoe__switch-2.wav
  artifactKey: Guid(7252fda6b1475ac41b695f2d22b6a886) Importer(815301076,1909f56bfc062723c751e8b465ee728b)
Start importing Assets/Audio/AudioFiles/484081__spacejoe__switch-2.wav using Guid(7252fda6b1475ac41b695f2d22b6a886) Importer(815301076,1909f56bfc062723c751e8b465ee728b)  -> (artifact id: 'aa92513bbcb0d7594907f864f910b5da') in 0.050962 seconds 
  Import took 0.083942 seconds .

========================================================================
Received Import Request.
  Time since last request: 0.000391 seconds.
  path: Assets/Audio/AudioFiles/556952__sami-hiltunen__horror-sfx-02.wav
  artifactKey: Guid(91fd76f95f86e36429bda3fb7d67b0c4) Importer(815301076,1909f56bfc062723c751e8b465ee728b)
Start importing Assets/Audio/AudioFiles/556952__sami-hiltunen__horror-sfx-02.wav using Guid(91fd76f95f86e36429bda3fb7d67b0c4) Importer(815301076,1909f56bfc062723c751e8b465ee728b)  -> (artifact id: 'ad74e57d587f2c755c04aebbaca99c0e') in 0.014448 seconds 
  Import took 0.022690 seconds .

========================================================================
Received Import Request.
  Time since last request: 0.000299 seconds.
  path: Assets/Audio/AudioFiles/173419__lightyarn__flashlight-off.wav
  artifactKey: Guid(c59c3b2df159b8840af763214d231e9a) Importer(815301076,1909f56bfc062723c751e8b465ee728b)
Start importing Assets/Audio/AudioFiles/173419__lightyarn__flashlight-off.wav using Guid(c59c3b2df159b8840af763214d231e9a) Importer(815301076,1909f56bfc062723c751e8b465ee728b)  -> (artifact id: '6a87bc38753e53d980a0774134990f37') in 0.044442 seconds 
  Import took 0.055257 seconds .

========================================================================
Received Import Request.
  Time since last request: 0.000255 seconds.
  path: Assets/Audio/AudioFiles/205519__everheat__backpack2.wav
  artifactKey: Guid(cd890d6d62c2ce947906f0fe9f74f76e) Importer(815301076,1909f56bfc062723c751e8b465ee728b)
Start importing Assets/Audio/AudioFiles/205519__everheat__backpack2.wav using Guid(cd890d6d62c2ce947906f0fe9f74f76e) Importer(815301076,1909f56bfc062723c751e8b465ee728b)  -> (artifact id: 'd05d53e3987d9a64791f9f5b6098f6bf') in 0.060572 seconds 
  Import took 0.085582 seconds .

========================================================================
Received Import Request.
  Time since last request: 0.000286 seconds.
  path: Assets/Audio/AudioFiles/235519__ceberation__heavy-breathing.wav
  artifactKey: Guid(60aaa3694bb7ba4469f5c688dff04252) Importer(815301076,1909f56bfc062723c751e8b465ee728b)
Start importing Assets/Audio/AudioFiles/235519__ceberation__heavy-breathing.wav using Guid(60aaa3694bb7ba4469f5c688dff04252) Importer(815301076,1909f56bfc062723c751e8b465ee728b)  -> (artifact id: '14128ff6457647dbead56336a784ee98') in 0.036549 seconds 
  Import took 0.059318 seconds .

========================================================================
Received Import Request.
  Time since last request: 0.000576 seconds.
  path: Assets/Audio/AudioFiles/205519__everheat__backpack2_trimmed.wav
  artifactKey: Guid(174fb42a63f7b0347bf37a59293011cd) Importer(815301076,1909f56bfc062723c751e8b465ee728b)
Start importing Assets/Audio/AudioFiles/205519__everheat__backpack2_trimmed.wav using Guid(174fb42a63f7b0347bf37a59293011cd) Importer(815301076,1909f56bfc062723c751e8b465ee728b)  -> (artifact id: 'e0f45b4282a4b9c493cc5624285e1640') in 0.054285 seconds 
  Import took 0.068154 seconds .

========================================================================
Received Import Request.
  Time since last request: 0.000260 seconds.
  path: Assets/Audio/AudioFiles/556959__sami-hiltunen__horror-sfx-03.wav
  artifactKey: Guid(83e2e828b258779438a99c3a4a7dd90c) Importer(815301076,1909f56bfc062723c751e8b465ee728b)
Start importing Assets/Audio/AudioFiles/556959__sami-hiltunen__horror-sfx-03.wav using Guid(83e2e828b258779438a99c3a4a7dd90c) Importer(815301076,1909f56bfc062723c751e8b465ee728b)  -> (artifact id: '2539ea5229c3c1a359b4764f43a6a1c0') in 0.025630 seconds 
  Import took 0.055681 seconds .

========================================================================
Received Import Request.
  Time since last request: 0.000301 seconds.
  path: Assets/Audio/AudioFiles/257276__natty23__two-footsteps.wav
  artifactKey: Guid(3f700fb9013bfb64b8d25633c2ed2dd3) Importer(815301076,1909f56bfc062723c751e8b465ee728b)
Start importing Assets/Audio/AudioFiles/257276__natty23__two-footsteps.wav using Guid(3f700fb9013bfb64b8d25633c2ed2dd3) Importer(815301076,1909f56bfc062723c751e8b465ee728b)  -> (artifact id: '0a57fe160f6bb4e9e3f885fefc569f7f') in 0.046265 seconds 
  Import took 0.066721 seconds .

========================================================================
Received Import Request.
  Time since last request: 0.000290 seconds.
  path: Assets/Audio/AudioFiles/323448__meroleroman7__heavy-breathing-1.wav
  artifactKey: Guid(ff5f2462a8edbb14282466fc68b498d5) Importer(815301076,1909f56bfc062723c751e8b465ee728b)
Start importing Assets/Audio/AudioFiles/323448__meroleroman7__heavy-breathing-1.wav using Guid(ff5f2462a8edbb14282466fc68b498d5) Importer(815301076,1909f56bfc062723c751e8b465ee728b)  -> (artifact id: 'a0456e9891dbabd97cf929920d729ad3') in 0.029414 seconds 
  Import took 0.039431 seconds .

========================================================================
Received Prepare
Registering precompiled user dll's ...
Registered in 0.007804 seconds.
Begin MonoManager ReloadAssembly
Native extension for WindowsStandalone target not found
Refreshing native plugins compatible for Editor in 0.98 ms, found 2 plugins.
Preloading 0 native plugins for Editor in 0.00 ms.
Mono: successfully reloaded assembly
- Completed reload, in  1.563 seconds
Domain Reload Profiling:
	ReloadAssembly (1564ms)
		BeginReloadAssembly (176ms)
			ExecutionOrderSort (0ms)
			DisableScriptedObjects (7ms)
			BackupInstance (0ms)
			ReleaseScriptingObjects (0ms)
			CreateAndSetChildDomain (62ms)
		EndReloadAssembly (1311ms)
			LoadAssemblies (149ms)
			RebuildTransferFunctionScriptingTraits (0ms)
			SetupTypeCache (462ms)
			ReleaseScriptCaches (2ms)
			RebuildScriptCaches (82ms)
			SetupLoadedEditorAssemblies (458ms)
				LogAssemblyErrors (0ms)
				InitializePlatformSupportModulesInManaged (6ms)
				SetLoadedEditorAssemblies (1ms)
				RefreshPlugins (1ms)
				BeforeProcessingInitializeOnLoad (117ms)
				ProcessInitializeOnLoadAttributes (308ms)
				ProcessInitializeOnLoadMethodAttributes (15ms)
				AfterProcessingInitializeOnLoad (10ms)
				EditorAssembliesLoaded (0ms)
			ExecutionOrderSort2 (0ms)
			AwakeInstancesAfterBackupRestoration (20ms)
Platform modules already initialized, skipping
Refreshing native plugins compatible for Editor in 1.12 ms, found 2 plugins.
Preloading 0 native plugins for Editor in 0.00 ms.
Unloading 3582 Unused Serialized files (Serialized files now loaded: 0)
System memory in use before: 177.4 MB.
System memory in use after: 177.6 MB.

Unloading 15 unused Assets to reduce memory usage. Loaded Objects now: 4364.
Total: 5.732400 ms (FindLiveObjects: 0.521800 ms CreateObjectMapping: 0.427500 ms MarkObjects: 4.744700 ms  DeleteObjects: 0.036700 ms)

AssetImportParameters requested are different than current active one (requested -> active):
  custom:framework-win-MediaFoundation: 216162199b28c13a410421893ffa2e32 -> 
  custom:video-decoder-ogg-theora: a1e56fd34408186e4bbccfd4996cb3dc -> 
  custom:container-muxer-webm: aa71ff27fc2769a1b78a27578f13a17b -> 
  custom:container-demuxer-webm: 4f35f7cbe854078d1ac9338744f61a02 -> 
  custom:container-demuxer-ogg: 62fdf1f143b41e24485cea50d1cbac27 -> 
  custom:video-encoder-webm-vp8: eb34c28f22e8b96e1ab97ce403110664 -> 
  custom:video-decoder-webm-vp8: 9c59270c3fd7afecdb556c50c9e8de78 -> 
  custom:audio-decoder-ogg-vorbis: bf7c407c2cedff20999df2af8eb42d56 -> 
  custom:audio-encoder-webm-vorbis: bf7c407c2cedff20999df2af8eb42d56 -> 
========================================================================
Received Prepare
Registering precompiled user dll's ...
Registered in 0.008437 seconds.
Begin MonoManager ReloadAssembly
Native extension for WindowsStandalone target not found
Refreshing native plugins compatible for Editor in 0.89 ms, found 2 plugins.
Preloading 0 native plugins for Editor in 0.00 ms.
Mono: successfully reloaded assembly
- Completed reload, in  1.718 seconds
Domain Reload Profiling:
	ReloadAssembly (1719ms)
		BeginReloadAssembly (182ms)
			ExecutionOrderSort (0ms)
			DisableScriptedObjects (5ms)
			BackupInstance (0ms)
			ReleaseScriptingObjects (0ms)
			CreateAndSetChildDomain (49ms)
		EndReloadAssembly (1434ms)
			LoadAssemblies (167ms)
			RebuildTransferFunctionScriptingTraits (0ms)
			SetupTypeCache (493ms)
			ReleaseScriptCaches (2ms)
			RebuildScriptCaches (106ms)
			SetupLoadedEditorAssemblies (469ms)
				LogAssemblyErrors (0ms)
				InitializePlatformSupportModulesInManaged (6ms)
				SetLoadedEditorAssemblies (1ms)
				RefreshPlugins (1ms)
				BeforeProcessingInitializeOnLoad (130ms)
				ProcessInitializeOnLoadAttributes (306ms)
				ProcessInitializeOnLoadMethodAttributes (15ms)
				AfterProcessingInitializeOnLoad (10ms)
				EditorAssembliesLoaded (0ms)
			ExecutionOrderSort2 (0ms)
			AwakeInstancesAfterBackupRestoration (24ms)
Platform modules already initialized, skipping
Refreshing native plugins compatible for Editor in 1.40 ms, found 2 plugins.
Preloading 0 native plugins for Editor in 0.00 ms.
Unloading 3582 Unused Serialized files (Serialized files now loaded: 0)
System memory in use before: 177.4 MB.
System memory in use after: 177.6 MB.

Unloading 15 unused Assets to reduce memory usage. Loaded Objects now: 4366.
Total: 5.098600 ms (FindLiveObjects: 0.455500 ms CreateObjectMapping: 0.284800 ms MarkObjects: 4.333000 ms  DeleteObjects: 0.023900 ms)

AssetImportParameters requested are different than current active one (requested -> active):
  custom:framework-win-MediaFoundation: 216162199b28c13a410421893ffa2e32 -> 
  custom:video-decoder-ogg-theora: a1e56fd34408186e4bbccfd4996cb3dc -> 
  custom:container-muxer-webm: aa71ff27fc2769a1b78a27578f13a17b -> 
  custom:container-demuxer-webm: 4f35f7cbe854078d1ac9338744f61a02 -> 
  custom:container-demuxer-ogg: 62fdf1f143b41e24485cea50d1cbac27 -> 
  custom:video-encoder-webm-vp8: eb34c28f22e8b96e1ab97ce403110664 -> 
  custom:video-decoder-webm-vp8: 9c59270c3fd7afecdb556c50c9e8de78 -> 
  custom:audio-decoder-ogg-vorbis: bf7c407c2cedff20999df2af8eb42d56 -> 
  custom:audio-encoder-webm-vorbis: bf7c407c2cedff20999df2af8eb42d56 -> 
========================================================================
Received Prepare
Registering precompiled user dll's ...
Registered in 0.007528 seconds.
Begin MonoManager ReloadAssembly
Native extension for WindowsStandalone target not found
Refreshing native plugins compatible for Editor in 0.98 ms, found 2 plugins.
Preloading 0 native plugins for Editor in 0.00 ms.
Mono: successfully reloaded assembly
- Completed reload, in  1.603 seconds
Domain Reload Profiling:
	ReloadAssembly (1603ms)
		BeginReloadAssembly (227ms)
			ExecutionOrderSort (0ms)
			DisableScriptedObjects (5ms)
			BackupInstance (0ms)
			ReleaseScriptingObjects (0ms)
			CreateAndSetChildDomain (85ms)
		EndReloadAssembly (1257ms)
			LoadAssemblies (166ms)
			RebuildTransferFunctionScriptingTraits (0ms)
			SetupTypeCache (426ms)
			ReleaseScriptCaches (2ms)
			RebuildScriptCaches (80ms)
			SetupLoadedEditorAssemblies (444ms)
				LogAssemblyErrors (0ms)
				InitializePlatformSupportModulesInManaged (5ms)
				SetLoadedEditorAssemblies (1ms)
				RefreshPlugins (1ms)
				BeforeProcessingInitializeOnLoad (118ms)
				ProcessInitializeOnLoadAttributes (295ms)
				ProcessInitializeOnLoadMethodAttributes (15ms)
				AfterProcessingInitializeOnLoad (10ms)
				EditorAssembliesLoaded (0ms)
			ExecutionOrderSort2 (0ms)
			AwakeInstancesAfterBackupRestoration (19ms)
Platform modules already initialized, skipping
Refreshing native plugins compatible for Editor in 1.19 ms, found 2 plugins.
Preloading 0 native plugins for Editor in 0.00 ms.
Unloading 3582 Unused Serialized files (Serialized files now loaded: 0)
System memory in use before: 177.4 MB.
System memory in use after: 177.6 MB.

Unloading 15 unused Assets to reduce memory usage. Loaded Objects now: 4368.
Total: 12.792600 ms (FindLiveObjects: 0.828500 ms CreateObjectMapping: 0.560200 ms MarkObjects: 11.360100 ms  DeleteObjects: 0.041500 ms)

AssetImportParameters requested are different than current active one (requested -> active):
  custom:framework-win-MediaFoundation: 216162199b28c13a410421893ffa2e32 -> 
  custom:video-decoder-ogg-theora: a1e56fd34408186e4bbccfd4996cb3dc -> 
  custom:container-muxer-webm: aa71ff27fc2769a1b78a27578f13a17b -> 
  custom:container-demuxer-webm: 4f35f7cbe854078d1ac9338744f61a02 -> 
  custom:container-demuxer-ogg: 62fdf1f143b41e24485cea50d1cbac27 -> 
  custom:video-encoder-webm-vp8: eb34c28f22e8b96e1ab97ce403110664 -> 
  custom:video-decoder-webm-vp8: 9c59270c3fd7afecdb556c50c9e8de78 -> 
  custom:audio-decoder-ogg-vorbis: bf7c407c2cedff20999df2af8eb42d56 -> 
  custom:audio-encoder-webm-vorbis: bf7c407c2cedff20999df2af8eb42d56 -> 
========================================================================
Received Prepare
Registering precompiled user dll's ...
Registered in 0.007423 seconds.
Begin MonoManager ReloadAssembly
Native extension for WindowsStandalone target not found
Refreshing native plugins compatible for Editor in 0.96 ms, found 2 plugins.
Preloading 0 native plugins for Editor in 0.00 ms.
Mono: successfully reloaded assembly
- Completed reload, in  1.573 seconds
Domain Reload Profiling:
	ReloadAssembly (1573ms)
		BeginReloadAssembly (169ms)
			ExecutionOrderSort (0ms)
			DisableScriptedObjects (9ms)
			BackupInstance (0ms)
			ReleaseScriptingObjects (0ms)
			CreateAndSetChildDomain (58ms)
		EndReloadAssembly (1312ms)
			LoadAssemblies (142ms)
			RebuildTransferFunctionScriptingTraits (0ms)
			SetupTypeCache (444ms)
			ReleaseScriptCaches (2ms)
			RebuildScriptCaches (79ms)
			SetupLoadedEditorAssemblies (464ms)
				LogAssemblyErrors (0ms)
				InitializePlatformSupportModulesInManaged (5ms)
				SetLoadedEditorAssemblies (1ms)
				RefreshPlugins (1ms)
				BeforeProcessingInitializeOnLoad (125ms)
				ProcessInitializeOnLoadAttributes (306ms)
				ProcessInitializeOnLoadMethodAttributes (15ms)
				AfterProcessingInitializeOnLoad (10ms)
				EditorAssembliesLoaded (0ms)
			ExecutionOrderSort2 (0ms)
			AwakeInstancesAfterBackupRestoration (20ms)
Platform modules already initialized, skipping
Refreshing native plugins compatible for Editor in 1.07 ms, found 2 plugins.
Preloading 0 native plugins for Editor in 0.00 ms.
Unloading 3582 Unused Serialized files (Serialized files now loaded: 0)
System memory in use before: 177.4 MB.
System memory in use after: 177.6 MB.

Unloading 15 unused Assets to reduce memory usage. Loaded Objects now: 4370.
Total: 5.525900 ms (FindLiveObjects: 0.532000 ms CreateObjectMapping: 0.441900 ms MarkObjects: 4.522700 ms  DeleteObjects: 0.027600 ms)

AssetImportParameters requested are different than current active one (requested -> active):
  custom:framework-win-MediaFoundation: 216162199b28c13a410421893ffa2e32 -> 
  custom:video-decoder-ogg-theora: a1e56fd34408186e4bbccfd4996cb3dc -> 
  custom:container-muxer-webm: aa71ff27fc2769a1b78a27578f13a17b -> 
  custom:container-demuxer-webm: 4f35f7cbe854078d1ac9338744f61a02 -> 
  custom:container-demuxer-ogg: 62fdf1f143b41e24485cea50d1cbac27 -> 
  custom:video-encoder-webm-vp8: eb34c28f22e8b96e1ab97ce403110664 -> 
  custom:video-decoder-webm-vp8: 9c59270c3fd7afecdb556c50c9e8de78 -> 
  custom:audio-decoder-ogg-vorbis: bf7c407c2cedff20999df2af8eb42d56 -> 
  custom:audio-encoder-webm-vorbis: bf7c407c2cedff20999df2af8eb42d56 -> 
========================================================================
Received Prepare
Registering precompiled user dll's ...
Registered in 0.009415 seconds.
Begin MonoManager ReloadAssembly
Native extension for WindowsStandalone target not found
Refreshing native plugins compatible for Editor in 0.94 ms, found 2 plugins.
Preloading 0 native plugins for Editor in 0.00 ms.
Mono: successfully reloaded assembly
- Completed reload, in  2.133 seconds
Domain Reload Profiling:
	ReloadAssembly (2134ms)
		BeginReloadAssembly (223ms)
			ExecutionOrderSort (0ms)
			DisableScriptedObjects (6ms)
			BackupInstance (0ms)
			ReleaseScriptingObjects (0ms)
			CreateAndSetChildDomain (61ms)
		EndReloadAssembly (1811ms)
			LoadAssemblies (177ms)
			RebuildTransferFunctionScriptingTraits (0ms)
			SetupTypeCache (625ms)
			ReleaseScriptCaches (3ms)
			RebuildScriptCaches (132ms)
			SetupLoadedEditorAssemblies (652ms)
				LogAssemblyErrors (0ms)
				InitializePlatformSupportModulesInManaged (8ms)
				SetLoadedEditorAssemblies (1ms)
				RefreshPlugins (1ms)
				BeforeProcessingInitializeOnLoad (195ms)
				ProcessInitializeOnLoadAttributes (413ms)
				ProcessInitializeOnLoadMethodAttributes (21ms)
				AfterProcessingInitializeOnLoad (13ms)
				EditorAssembliesLoaded (1ms)
			ExecutionOrderSort2 (0ms)
			AwakeInstancesAfterBackupRestoration (24ms)
Platform modules already initialized, skipping
Refreshing native plugins compatible for Editor in 1.23 ms, found 2 plugins.
Preloading 0 native plugins for Editor in 0.00 ms.
Unloading 3582 Unused Serialized files (Serialized files now loaded: 0)
System memory in use before: 177.4 MB.
System memory in use after: 177.6 MB.

Unloading 15 unused Assets to reduce memory usage. Loaded Objects now: 4372.
Total: 12.760600 ms (FindLiveObjects: 0.500600 ms CreateObjectMapping: 0.491300 ms MarkObjects: 11.738600 ms  DeleteObjects: 0.028200 ms)

AssetImportParameters requested are different than current active one (requested -> active):
  custom:framework-win-MediaFoundation: 216162199b28c13a410421893ffa2e32 -> 
  custom:video-decoder-ogg-theora: a1e56fd34408186e4bbccfd4996cb3dc -> 
  custom:container-muxer-webm: aa71ff27fc2769a1b78a27578f13a17b -> 
  custom:container-demuxer-webm: 4f35f7cbe854078d1ac9338744f61a02 -> 
  custom:container-demuxer-ogg: 62fdf1f143b41e24485cea50d1cbac27 -> 
  custom:video-encoder-webm-vp8: eb34c28f22e8b96e1ab97ce403110664 -> 
  custom:video-decoder-webm-vp8: 9c59270c3fd7afecdb556c50c9e8de78 -> 
  custom:audio-decoder-ogg-vorbis: bf7c407c2cedff20999df2af8eb42d56 -> 
  custom:audio-encoder-webm-vorbis: bf7c407c2cedff20999df2af8eb42d56 -> 
========================================================================
Received Prepare
Registering precompiled user dll's ...
Registered in 0.007649 seconds.
Begin MonoManager ReloadAssembly
Native extension for WindowsStandalone target not found
Refreshing native plugins compatible for Editor in 0.95 ms, found 2 plugins.
Preloading 0 native plugins for Editor in 0.00 ms.
Mono: successfully reloaded assembly
- Completed reload, in  1.740 seconds
Domain Reload Profiling:
	ReloadAssembly (1741ms)
		BeginReloadAssembly (157ms)
			ExecutionOrderSort (0ms)
			DisableScriptedObjects (7ms)
			BackupInstance (0ms)
			ReleaseScriptingObjects (0ms)
			CreateAndSetChildDomain (53ms)
		EndReloadAssembly (1506ms)
			LoadAssemblies (177ms)
			RebuildTransferFunctionScriptingTraits (0ms)
			SetupTypeCache (506ms)
			ReleaseScriptCaches (2ms)
			RebuildScriptCaches (86ms)
			SetupLoadedEditorAssemblies (562ms)
				LogAssemblyErrors (0ms)
				InitializePlatformSupportModulesInManaged (5ms)
				SetLoadedEditorAssemblies (1ms)
				RefreshPlugins (1ms)
				BeforeProcessingInitializeOnLoad (117ms)
				ProcessInitializeOnLoadAttributes (407ms)
				ProcessInitializeOnLoadMethodAttributes (21ms)
				AfterProcessingInitializeOnLoad (10ms)
				EditorAssembliesLoaded (0ms)
			ExecutionOrderSort2 (0ms)
			AwakeInstancesAfterBackupRestoration (25ms)
Platform modules already initialized, skipping
Refreshing native plugins compatible for Editor in 0.97 ms, found 2 plugins.
Preloading 0 native plugins for Editor in 0.00 ms.
Unloading 3582 Unused Serialized files (Serialized files now loaded: 0)
System memory in use before: 177.4 MB.
System memory in use after: 177.6 MB.

Unloading 15 unused Assets to reduce memory usage. Loaded Objects now: 4374.
Total: 5.554800 ms (FindLiveObjects: 0.575100 ms CreateObjectMapping: 0.472100 ms MarkObjects: 4.476500 ms  DeleteObjects: 0.029300 ms)

AssetImportParameters requested are different than current active one (requested -> active):
  custom:framework-win-MediaFoundation: 216162199b28c13a410421893ffa2e32 -> 
  custom:video-decoder-ogg-theora: a1e56fd34408186e4bbccfd4996cb3dc -> 
  custom:container-muxer-webm: aa71ff27fc2769a1b78a27578f13a17b -> 
  custom:container-demuxer-webm: 4f35f7cbe854078d1ac9338744f61a02 -> 
  custom:container-demuxer-ogg: 62fdf1f143b41e24485cea50d1cbac27 -> 
  custom:video-encoder-webm-vp8: eb34c28f22e8b96e1ab97ce403110664 -> 
  custom:video-decoder-webm-vp8: 9c59270c3fd7afecdb556c50c9e8de78 -> 
  custom:audio-decoder-ogg-vorbis: bf7c407c2cedff20999df2af8eb42d56 -> 
  custom:audio-encoder-webm-vorbis: bf7c407c2cedff20999df2af8eb42d56 -> 
AssetImportWorkerClient::OnTransportError - code=2 error=End of file
