Using pre-set license
Built from '2020.3/staging' branch; Version is '2020.3.21f1 (a38c86f6690f) revision 10718342'; Using compiler version '192528614'; Build Type 'Release'
OS: 'Windows 10 Education; OS build 18363.1854; Version 1909; 64bit' Language: 'cs' Physical Memory: 16310 MB
BatchMode: 1, IsHumanControllingUs: 0, StartBugReporterOnCrash: 0, Is64bit: 1, IsPro: 0

COMMAND LINE ARGUMENTS:
C:\Program Files\Unity\Hub\Editor\2020.3.21f1\Editor\Unity.exe
-adb2
-batchMode
-noUpm
-name
AssetImportWorker0
-projectPath
D:/Dokumenty/skola/CVUT/Bachelors Project/bachelorsProject/HorrorGame
-logFile
Logs/AssetImportWorker0.log
-srvPort
63020
Successfully changed project path to: D:/Dokumenty/skola/CVUT/Bachelors Project/bachelorsProject/HorrorGame
D:/Dokumenty/skola/CVUT/Bachelors Project/bachelorsProject/HorrorGame
Using Asset Import Pipeline V2.
Refreshing native plugins compatible for Editor in 99.35 ms, found 2 plugins.
Preloading 0 native plugins for Editor in 0.00 ms.
Initialize engine version: 2020.3.21f1 (a38c86f6690f)
[Subsystems] Discovering subsystems at path C:/Program Files/Unity/Hub/Editor/2020.3.21f1/Editor/Data/Resources/UnitySubsystems
[Subsystems] Discovering subsystems at path D:/Dokumenty/skola/CVUT/Bachelors Project/bachelorsProject/HorrorGame/Assets
GfxDevice: creating device client; threaded=0
Direct3D:
    Version:  Direct3D 11.0 [level 11.1]
    Renderer: NVIDIA GeForce GTX 1650 SUPER (ID=0x2187)
    Vendor:   
    VRAM:     3955 MB
    Driver:   27.21.14.6192
Initialize mono
Mono path[0] = 'C:/Program Files/Unity/Hub/Editor/2020.3.21f1/Editor/Data/Managed'
Mono path[1] = 'C:/Program Files/Unity/Hub/Editor/2020.3.21f1/Editor/Data/MonoBleedingEdge/lib/mono/unityjit'
Mono config path = 'C:/Program Files/Unity/Hub/Editor/2020.3.21f1/Editor/Data/MonoBleedingEdge/etc'
Using monoOptions --debugger-agent=transport=dt_socket,embedding=1,server=y,suspend=n,address=127.0.0.1:56240
Begin MonoManager ReloadAssembly
Registering precompiled unity dll's ...
Register platform support module: C:/Program Files/Unity/Hub/Editor/2020.3.21f1/Editor/Data/PlaybackEngines/WindowsStandaloneSupport/UnityEditor.WindowsStandalone.Extensions.dll
Registered in 0.002351 seconds.
Native extension for WindowsStandalone target not found
Refreshing native plugins compatible for Editor in 102.04 ms, found 2 plugins.
Preloading 0 native plugins for Editor in 0.00 ms.
Mono: successfully reloaded assembly
- Completed reload, in  1.626 seconds
Domain Reload Profiling:
	ReloadAssembly (1626ms)
		BeginReloadAssembly (74ms)
			ExecutionOrderSort (0ms)
			DisableScriptedObjects (0ms)
			BackupInstance (0ms)
			ReleaseScriptingObjects (0ms)
			CreateAndSetChildDomain (1ms)
		EndReloadAssembly (605ms)
			LoadAssemblies (71ms)
			RebuildTransferFunctionScriptingTraits (0ms)
			SetupTypeCache (183ms)
			ReleaseScriptCaches (0ms)
			RebuildScriptCaches (45ms)
			SetupLoadedEditorAssemblies (259ms)
				LogAssemblyErrors (0ms)
				InitializePlatformSupportModulesInManaged (6ms)
				SetLoadedEditorAssemblies (0ms)
				RefreshPlugins (102ms)
				BeforeProcessingInitializeOnLoad (18ms)
				ProcessInitializeOnLoadAttributes (98ms)
				ProcessInitializeOnLoadMethodAttributes (34ms)
				AfterProcessingInitializeOnLoad (0ms)
				EditorAssembliesLoaded (0ms)
			ExecutionOrderSort2 (0ms)
			AwakeInstancesAfterBackupRestoration (0ms)
Platform modules already initialized, skipping
Registering precompiled user dll's ...
Registered in 0.006211 seconds.
Begin MonoManager ReloadAssembly
Native extension for WindowsStandalone target not found
Refreshing native plugins compatible for Editor in 118.01 ms, found 2 plugins.
Preloading 0 native plugins for Editor in 0.00 ms.
Mono: successfully reloaded assembly
- Completed reload, in  1.871 seconds
Domain Reload Profiling:
	ReloadAssembly (1872ms)
		BeginReloadAssembly (191ms)
			ExecutionOrderSort (0ms)
			DisableScriptedObjects (6ms)
			BackupInstance (0ms)
			ReleaseScriptingObjects (0ms)
			CreateAndSetChildDomain (23ms)
		EndReloadAssembly (1606ms)
			LoadAssemblies (137ms)
			RebuildTransferFunctionScriptingTraits (0ms)
			SetupTypeCache (459ms)
			ReleaseScriptCaches (1ms)
			RebuildScriptCaches (93ms)
			SetupLoadedEditorAssemblies (757ms)
				LogAssemblyErrors (0ms)
				InitializePlatformSupportModulesInManaged (5ms)
				SetLoadedEditorAssemblies (0ms)
				RefreshPlugins (118ms)
				BeforeProcessingInitializeOnLoad (119ms)
				ProcessInitializeOnLoadAttributes (297ms)
				ProcessInitializeOnLoadMethodAttributes (205ms)
				AfterProcessingInitializeOnLoad (12ms)
				EditorAssembliesLoaded (0ms)
			ExecutionOrderSort2 (0ms)
			AwakeInstancesAfterBackupRestoration (9ms)
Platform modules already initialized, skipping
========================================================================
Worker process is ready to serve import requests
Launched and connected shader compiler UnityShaderCompiler.exe after 0.22 seconds
Refreshing native plugins compatible for Editor in 1.24 ms, found 2 plugins.
Preloading 0 native plugins for Editor in 0.00 ms.
Unloading 4174 Unused Serialized files (Serialized files now loaded: 0)
System memory in use before: 203.3 MB.
System memory in use after: 203.5 MB.

Unloading 20 unused Assets to reduce memory usage. Loaded Objects now: 4623.
Total: 6.035900 ms (FindLiveObjects: 0.595600 ms CreateObjectMapping: 0.528500 ms MarkObjects: 4.823000 ms  DeleteObjects: 0.087300 ms)

AssetImportParameters requested are different than current active one (requested -> active):
  custom:framework-win-MediaFoundation: 216162199b28c13a410421893ffa2e32 -> 
  custom:video-decoder-ogg-theora: a1e56fd34408186e4bbccfd4996cb3dc -> 
  custom:container-muxer-webm: aa71ff27fc2769a1b78a27578f13a17b -> 
  custom:container-demuxer-webm: 4f35f7cbe854078d1ac9338744f61a02 -> 
  custom:container-demuxer-ogg: 62fdf1f143b41e24485cea50d1cbac27 -> 
  custom:video-encoder-webm-vp8: eb34c28f22e8b96e1ab97ce403110664 -> 
  custom:video-decoder-webm-vp8: 9c59270c3fd7afecdb556c50c9e8de78 -> 
  custom:audio-decoder-ogg-vorbis: bf7c407c2cedff20999df2af8eb42d56 -> 
  custom:audio-encoder-webm-vorbis: bf7c407c2cedff20999df2af8eb42d56 -> 
========================================================================
Received Import Request.
  path: Assets/Materials/bunkbed/bunkbed.mat
  artifactKey: Guid(bc06a427b4b635e4db606c4cbc868b97) Importer(815301076,1909f56bfc062723c751e8b465ee728b)
Start importing Assets/Materials/bunkbed/bunkbed.mat using Guid(bc06a427b4b635e4db606c4cbc868b97) Importer(815301076,1909f56bfc062723c751e8b465ee728b)  -> (artifact id: 'acff06f59c70f7b83154415f90c79b08') in 0.930556 seconds 
  Import took 0.941773 seconds .

========================================================================
Received Import Request.
  Time since last request: 1.370995 seconds.
  path: Assets/Materials/mattress/mattress.mat
  artifactKey: Guid(3a3d81903383b1e4da2225309d326b7a) Importer(815301076,1909f56bfc062723c751e8b465ee728b)
Start importing Assets/Materials/mattress/mattress.mat using Guid(3a3d81903383b1e4da2225309d326b7a) Importer(815301076,1909f56bfc062723c751e8b465ee728b)  -> (artifact id: 'a54e82cdd272a799324686597fd3caa7') in 0.053831 seconds 
  Import took 0.063075 seconds .

========================================================================
Received Import Request.
  Time since last request: 6.332085 seconds.
  path: Assets/Materials/table1/table1.mat
  artifactKey: Guid(3b0defa6679e9b943ad68867fb1b3be1) Importer(815301076,1909f56bfc062723c751e8b465ee728b)
Start importing Assets/Materials/table1/table1.mat using Guid(3b0defa6679e9b943ad68867fb1b3be1) Importer(815301076,1909f56bfc062723c751e8b465ee728b)  -> (artifact id: '31d8a1c773cebe14e7aa6734632b1b36') in 0.045599 seconds 
  Import took 0.054317 seconds .

========================================================================
Received Import Request.
  Time since last request: 6.030322 seconds.
  path: Assets/Materials/Wall1_str3m/wall1_str3m_bump.mat
  artifactKey: Guid(0140788fb9c3e6248ba96127c7096b12) Importer(815301076,1909f56bfc062723c751e8b465ee728b)
Start importing Assets/Materials/Wall1_str3m/wall1_str3m_bump.mat using Guid(0140788fb9c3e6248ba96127c7096b12) Importer(815301076,1909f56bfc062723c751e8b465ee728b)  -> (artifact id: 'e2020cd8fd724f74c4837b388ba1c010') in 0.045639 seconds 
  Import took 0.054562 seconds .

========================================================================
Received Import Request.
  Time since last request: 0.000379 seconds.
  path: Assets/Materials/Wall1_str3m/wall1_str3m_wall.mat
  artifactKey: Guid(3fe10240ed8e4c74aba910c769dc2484) Importer(815301076,1909f56bfc062723c751e8b465ee728b)
Start importing Assets/Materials/Wall1_str3m/wall1_str3m_wall.mat using Guid(3fe10240ed8e4c74aba910c769dc2484) Importer(815301076,1909f56bfc062723c751e8b465ee728b)  -> (artifact id: '26464366ac82194e29006758a3aa0b21') in 0.049218 seconds 
  Import took 0.058029 seconds .

========================================================================
Received Import Request.
  Time since last request: 14.887699 seconds.
  path: Assets/Materials/wall1_str3m_door/wall1_str3m_door_bump.mat
  artifactKey: Guid(870c9af4056b9024e98c67a082e7280b) Importer(815301076,1909f56bfc062723c751e8b465ee728b)
Start importing Assets/Materials/wall1_str3m_door/wall1_str3m_door_bump.mat using Guid(870c9af4056b9024e98c67a082e7280b) Importer(815301076,1909f56bfc062723c751e8b465ee728b)  -> (artifact id: '5c595e833ed91bb7c22b8fd93bbbc966') in 0.044823 seconds 
  Import took 0.054174 seconds .

========================================================================
Received Import Request.
  Time since last request: 0.000334 seconds.
  path: Assets/Materials/wall1_str3m_door/wall1_str3m_door_wall.mat
  artifactKey: Guid(449c9b936d513fb439ed30c5db527a2c) Importer(815301076,1909f56bfc062723c751e8b465ee728b)
Start importing Assets/Materials/wall1_str3m_door/wall1_str3m_door_wall.mat using Guid(449c9b936d513fb439ed30c5db527a2c) Importer(815301076,1909f56bfc062723c751e8b465ee728b)  -> (artifact id: '4430fc0557cb23dddbfe2c9cd0775c1a') in 0.048831 seconds 
  Import took 0.056680 seconds .

========================================================================
Received Prepare
Switching render pipeline 22899b3cdd8bf1c4195968d0fbd5ad76 -> 7240b55f9a3ac424380f9040d3487c56
Refreshing native plugins compatible for Editor in 4.96 ms, found 2 plugins.
Preloading 0 native plugins for Editor in 0.00 ms.
Unloading 61 Unused Serialized files (Serialized files now loaded: 0)
System memory in use before: 123.6 MB.
System memory in use after: 123.9 MB.

Unloading 13 unused Assets to reduce memory usage. Loaded Objects now: 5453.
Total: 8.002000 ms (FindLiveObjects: 0.474500 ms CreateObjectMapping: 0.198700 ms MarkObjects: 7.305700 ms  DeleteObjects: 0.021900 ms)

AssetImportParameters requested are different than current active one (requested -> active):
  colorSpace: 0 -> 1
  custom:framework-win-MediaFoundation: 216162199b28c13a410421893ffa2e32 -> 
  custom:video-decoder-ogg-theora: a1e56fd34408186e4bbccfd4996cb3dc -> 
  custom:container-muxer-webm: aa71ff27fc2769a1b78a27578f13a17b -> 
  custom:container-demuxer-webm: 4f35f7cbe854078d1ac9338744f61a02 -> 
  custom:container-demuxer-ogg: 62fdf1f143b41e24485cea50d1cbac27 -> 
  custom:video-encoder-webm-vp8: eb34c28f22e8b96e1ab97ce403110664 -> 
  custom:video-decoder-webm-vp8: 9c59270c3fd7afecdb556c50c9e8de78 -> 
  custom:audio-decoder-ogg-vorbis: bf7c407c2cedff20999df2af8eb42d56 -> 
  custom:audio-encoder-webm-vorbis: bf7c407c2cedff20999df2af8eb42d56 -> 
========================================================================
Received Prepare
Registering precompiled user dll's ...
Registered in 0.005478 seconds.
Begin MonoManager ReloadAssembly
Native extension for WindowsStandalone target not found
Refreshing native plugins compatible for Editor in 54.90 ms, found 2 plugins.
Preloading 0 native plugins for Editor in 0.00 ms.
Mono: successfully reloaded assembly
- Completed reload, in  1.516 seconds
Domain Reload Profiling:
	ReloadAssembly (1517ms)
		BeginReloadAssembly (247ms)
			ExecutionOrderSort (0ms)
			DisableScriptedObjects (35ms)
			BackupInstance (0ms)
			ReleaseScriptingObjects (0ms)
			CreateAndSetChildDomain (58ms)
		EndReloadAssembly (1193ms)
			LoadAssemblies (128ms)
			RebuildTransferFunctionScriptingTraits (0ms)
			SetupTypeCache (407ms)
			ReleaseScriptCaches (3ms)
			RebuildScriptCaches (59ms)
			SetupLoadedEditorAssemblies (379ms)
				LogAssemblyErrors (0ms)
				InitializePlatformSupportModulesInManaged (5ms)
				SetLoadedEditorAssemblies (0ms)
				RefreshPlugins (55ms)
				BeforeProcessingInitializeOnLoad (92ms)
				ProcessInitializeOnLoadAttributes (209ms)
				ProcessInitializeOnLoadMethodAttributes (10ms)
				AfterProcessingInitializeOnLoad (8ms)
				EditorAssembliesLoaded (0ms)
			ExecutionOrderSort2 (0ms)
			AwakeInstancesAfterBackupRestoration (19ms)
Platform modules already initialized, skipping
Switching render pipeline 22899b3cdd8bf1c4195968d0fbd5ad76 -> 7240b55f9a3ac424380f9040d3487c56
Refreshing native plugins compatible for Editor in 0.72 ms, found 2 plugins.
Preloading 0 native plugins for Editor in 0.00 ms.
Unloading 2685 Unused Serialized files (Serialized files now loaded: 0)
System memory in use before: 166.0 MB.
System memory in use after: 156.4 MB.

Unloading 507 unused Assets to reduce memory usage. Loaded Objects now: 4359.
Total: 7.131400 ms (FindLiveObjects: 0.385300 ms CreateObjectMapping: 0.187200 ms MarkObjects: 4.111600 ms  DeleteObjects: 2.446000 ms)

AssetImportParameters requested are different than current active one (requested -> active):
  colorSpace: 0 -> 1
  custom:framework-win-MediaFoundation: 216162199b28c13a410421893ffa2e32 -> 
  custom:video-decoder-ogg-theora: a1e56fd34408186e4bbccfd4996cb3dc -> 
  custom:container-muxer-webm: aa71ff27fc2769a1b78a27578f13a17b -> 
  custom:container-demuxer-webm: 4f35f7cbe854078d1ac9338744f61a02 -> 
  custom:container-demuxer-ogg: 62fdf1f143b41e24485cea50d1cbac27 -> 
  custom:video-encoder-webm-vp8: eb34c28f22e8b96e1ab97ce403110664 -> 
  custom:video-decoder-webm-vp8: 9c59270c3fd7afecdb556c50c9e8de78 -> 
  custom:audio-decoder-ogg-vorbis: bf7c407c2cedff20999df2af8eb42d56 -> 
  custom:audio-encoder-webm-vorbis: bf7c407c2cedff20999df2af8eb42d56 -> 
========================================================================
Received Import Request.
  Time since last request: 246.773281 seconds.
  path: Assets/Materials/chair1_MaskMap.png
  artifactKey: Guid(f29743f2b62670a4bad68b0ddfe4fefa) Importer(815301076,1909f56bfc062723c751e8b465ee728b)
Start importing Assets/Materials/chair1_MaskMap.png using Guid(f29743f2b62670a4bad68b0ddfe4fefa) Importer(815301076,1909f56bfc062723c751e8b465ee728b)  -> (artifact id: 'bf3848c77d85f692aba8d224b5fff604') in 0.068905 seconds 
  Import took 0.076327 seconds .

========================================================================
Received Import Request.
  Time since last request: 0.000341 seconds.
  path: Assets/Materials/crate1_MaskMap.png
  artifactKey: Guid(2b95e18c861c7a8468debec00c176000) Importer(815301076,1909f56bfc062723c751e8b465ee728b)
Start importing Assets/Materials/crate1_MaskMap.png using Guid(2b95e18c861c7a8468debec00c176000) Importer(815301076,1909f56bfc062723c751e8b465ee728b)  -> (artifact id: '223519d6b7e6111dd1615c6df3bc5d9d') in 0.014101 seconds 
  Import took 0.021036 seconds .

========================================================================
Received Import Request.
  Time since last request: 3.284542 seconds.
  path: Assets/Prefabs/Player.prefab
  artifactKey: Guid(234c3535e8838fe4b9e5ea0e9a68fb53) Importer(815301076,1909f56bfc062723c751e8b465ee728b)
Start importing Assets/Prefabs/Player.prefab using Guid(234c3535e8838fe4b9e5ea0e9a68fb53) Importer(815301076,1909f56bfc062723c751e8b465ee728b)  -> (artifact id: 'dc634cf8be19e0a07083e38455178874') in 0.175335 seconds 
  Import took 0.182208 seconds .

========================================================================
Received Prepare
Registering precompiled user dll's ...
Registered in 0.007180 seconds.
Begin MonoManager ReloadAssembly
Native extension for WindowsStandalone target not found
Refreshing native plugins compatible for Editor in 0.59 ms, found 2 plugins.
Preloading 0 native plugins for Editor in 0.00 ms.
Mono: successfully reloaded assembly
- Completed reload, in  1.388 seconds
Domain Reload Profiling:
	ReloadAssembly (1388ms)
		BeginReloadAssembly (137ms)
			ExecutionOrderSort (0ms)
			DisableScriptedObjects (8ms)
			BackupInstance (0ms)
			ReleaseScriptingObjects (0ms)
			CreateAndSetChildDomain (45ms)
		EndReloadAssembly (1180ms)
			LoadAssemblies (116ms)
			RebuildTransferFunctionScriptingTraits (0ms)
			SetupTypeCache (363ms)
			ReleaseScriptCaches (2ms)
			RebuildScriptCaches (49ms)
			SetupLoadedEditorAssemblies (459ms)
				LogAssemblyErrors (0ms)
				InitializePlatformSupportModulesInManaged (6ms)
				SetLoadedEditorAssemblies (1ms)
				RefreshPlugins (1ms)
				BeforeProcessingInitializeOnLoad (122ms)
				ProcessInitializeOnLoadAttributes (304ms)
				ProcessInitializeOnLoadMethodAttributes (14ms)
				AfterProcessingInitializeOnLoad (11ms)
				EditorAssembliesLoaded (0ms)
			ExecutionOrderSort2 (0ms)
			AwakeInstancesAfterBackupRestoration (22ms)
Platform modules already initialized, skipping
Switching render pipeline 22899b3cdd8bf1c4195968d0fbd5ad76 -> 7240b55f9a3ac424380f9040d3487c56
Refreshing native plugins compatible for Editor in 0.58 ms, found 2 plugins.
Preloading 0 native plugins for Editor in 0.00 ms.
Unloading 2686 Unused Serialized files (Serialized files now loaded: 0)
System memory in use before: 142.3 MB.
System memory in use after: 142.6 MB.

Unloading 16 unused Assets to reduce memory usage. Loaded Objects now: 4400.
Total: 4.111700 ms (FindLiveObjects: 0.334700 ms CreateObjectMapping: 0.162200 ms MarkObjects: 3.587700 ms  DeleteObjects: 0.026000 ms)

AssetImportParameters requested are different than current active one (requested -> active):
  colorSpace: 0 -> 1
  custom:framework-win-MediaFoundation: 216162199b28c13a410421893ffa2e32 -> 
  custom:video-decoder-ogg-theora: a1e56fd34408186e4bbccfd4996cb3dc -> 
  custom:container-muxer-webm: aa71ff27fc2769a1b78a27578f13a17b -> 
  custom:container-demuxer-webm: 4f35f7cbe854078d1ac9338744f61a02 -> 
  custom:container-demuxer-ogg: 62fdf1f143b41e24485cea50d1cbac27 -> 
  custom:video-encoder-webm-vp8: eb34c28f22e8b96e1ab97ce403110664 -> 
  custom:video-decoder-webm-vp8: 9c59270c3fd7afecdb556c50c9e8de78 -> 
  custom:audio-decoder-ogg-vorbis: bf7c407c2cedff20999df2af8eb42d56 -> 
  custom:audio-encoder-webm-vorbis: bf7c407c2cedff20999df2af8eb42d56 -> 
========================================================================
Received Import Request.
  Time since last request: 29.255730 seconds.
  path: Assets/Prefabs/Player.prefab
  artifactKey: Guid(234c3535e8838fe4b9e5ea0e9a68fb53) Importer(815301076,1909f56bfc062723c751e8b465ee728b)
Start importing Assets/Prefabs/Player.prefab using Guid(234c3535e8838fe4b9e5ea0e9a68fb53) Importer(815301076,1909f56bfc062723c751e8b465ee728b)  -> (artifact id: '9d43255cf96819b3cdfa397d2edfbc01') in 0.210677 seconds 
  Import took 0.218218 seconds .

========================================================================
Received Import Request.
  Time since last request: 39.124670 seconds.
  path: Assets/New Lighting Settings.lighting
  artifactKey: Guid(90a46d49741376249a50a38ec96c6fed) Importer(815301076,1909f56bfc062723c751e8b465ee728b)
Start importing Assets/New Lighting Settings.lighting using Guid(90a46d49741376249a50a38ec96c6fed) Importer(815301076,1909f56bfc062723c751e8b465ee728b)  -> (artifact id: 'd71caa2aa6ef249c45c4459f7180c8cf') in 0.005256 seconds 
  Import took 0.012323 seconds .

========================================================================
Received Import Request.
  Time since last request: 92.019447 seconds.
  path: Assets/HDRPDefaultResources
  artifactKey: Guid(4cdafd0fc6dd684498eab34b36937faa) Importer(815301076,1909f56bfc062723c751e8b465ee728b)
Start importing Assets/HDRPDefaultResources using Guid(4cdafd0fc6dd684498eab34b36937faa) Importer(815301076,1909f56bfc062723c751e8b465ee728b)  -> (artifact id: 'e1375a98e24158a86f95231711ae4c6e') in 0.002286 seconds 
  Import took 0.009546 seconds .

========================================================================
Received Import Request.
  Time since last request: 14.368845 seconds.
  path: Assets/Materials/chair1.mat
  artifactKey: Guid(e7a6d7b535172cf46a2ea31f928d1223) Importer(815301076,1909f56bfc062723c751e8b465ee728b)
Start importing Assets/Materials/chair1.mat using Guid(e7a6d7b535172cf46a2ea31f928d1223) Importer(815301076,1909f56bfc062723c751e8b465ee728b)  -> (artifact id: '065e3b1c66472a3fb0518a9729dc6a57') in 0.036881 seconds 
  Import took 0.044373 seconds .

========================================================================
Received Import Request.
  Time since last request: 0.000305 seconds.
  path: Assets/Materials/crate1.mat
  artifactKey: Guid(5e1e87ba256741e45ad70e15b82ce002) Importer(815301076,1909f56bfc062723c751e8b465ee728b)
Start importing Assets/Materials/crate1.mat using Guid(5e1e87ba256741e45ad70e15b82ce002) Importer(815301076,1909f56bfc062723c751e8b465ee728b)  -> (artifact id: '56032d8385a9e31684df7df33e3de823') in 0.035812 seconds 
  Import took 0.042358 seconds .

========================================================================
Received Import Request.
  Time since last request: 0.000322 seconds.
  path: Assets/Materials/Default_custom.mat
  artifactKey: Guid(f5d293faeda74824a9ef4cc73dce969b) Importer(815301076,1909f56bfc062723c751e8b465ee728b)
Start importing Assets/Materials/Default_custom.mat using Guid(f5d293faeda74824a9ef4cc73dce969b) Importer(815301076,1909f56bfc062723c751e8b465ee728b)  -> (artifact id: '20ee48bbd6f98b4bae3ee08149a1fc8e') in 0.014148 seconds 
  Import took 0.021442 seconds .

========================================================================
Received Prepare
Registering precompiled user dll's ...
Registered in 0.005935 seconds.
Begin MonoManager ReloadAssembly
Native extension for WindowsStandalone target not found
Refreshing native plugins compatible for Editor in 0.72 ms, found 2 plugins.
Preloading 0 native plugins for Editor in 0.00 ms.
Mono: successfully reloaded assembly
- Completed reload, in  1.256 seconds
Domain Reload Profiling:
	ReloadAssembly (1256ms)
		BeginReloadAssembly (138ms)
			ExecutionOrderSort (0ms)
			DisableScriptedObjects (8ms)
			BackupInstance (0ms)
			ReleaseScriptingObjects (0ms)
			CreateAndSetChildDomain (44ms)
		EndReloadAssembly (1043ms)
			LoadAssemblies (119ms)
			RebuildTransferFunctionScriptingTraits (0ms)
			SetupTypeCache (366ms)
			ReleaseScriptCaches (2ms)
			RebuildScriptCaches (48ms)
			SetupLoadedEditorAssemblies (357ms)
				LogAssemblyErrors (0ms)
				InitializePlatformSupportModulesInManaged (5ms)
				SetLoadedEditorAssemblies (1ms)
				RefreshPlugins (1ms)
				BeforeProcessingInitializeOnLoad (105ms)
				ProcessInitializeOnLoadAttributes (227ms)
				ProcessInitializeOnLoadMethodAttributes (10ms)
				AfterProcessingInitializeOnLoad (8ms)
				EditorAssembliesLoaded (0ms)
			ExecutionOrderSort2 (0ms)
			AwakeInstancesAfterBackupRestoration (19ms)
Platform modules already initialized, skipping
Refreshing native plugins compatible for Editor in 0.61 ms, found 2 plugins.
Preloading 0 native plugins for Editor in 0.00 ms.
Unloading 2685 Unused Serialized files (Serialized files now loaded: 0)
System memory in use before: 145.8 MB.
System memory in use after: 146.0 MB.

Unloading 15 unused Assets to reduce memory usage. Loaded Objects now: 4438.
Total: 4.360900 ms (FindLiveObjects: 0.339900 ms CreateObjectMapping: 0.161000 ms MarkObjects: 3.836700 ms  DeleteObjects: 0.022300 ms)

AssetImportParameters requested are different than current active one (requested -> active):
  custom:framework-win-MediaFoundation: 216162199b28c13a410421893ffa2e32 -> 
  custom:video-decoder-ogg-theora: a1e56fd34408186e4bbccfd4996cb3dc -> 
  custom:container-muxer-webm: aa71ff27fc2769a1b78a27578f13a17b -> 
  custom:container-demuxer-webm: 4f35f7cbe854078d1ac9338744f61a02 -> 
  custom:container-demuxer-ogg: 62fdf1f143b41e24485cea50d1cbac27 -> 
  custom:video-encoder-webm-vp8: eb34c28f22e8b96e1ab97ce403110664 -> 
  custom:video-decoder-webm-vp8: 9c59270c3fd7afecdb556c50c9e8de78 -> 
  custom:audio-decoder-ogg-vorbis: bf7c407c2cedff20999df2af8eb42d56 -> 
  custom:audio-encoder-webm-vorbis: bf7c407c2cedff20999df2af8eb42d56 -> 
AssetImportWorkerClient::OnTransportError - code=2 error=End of file
